2024-09-20 19:10:03,724 NanoPlot 1.41.6 started with arguments Namespace(threads=2, verbose=False, store=False, raw=False, huge=False, outdir='.', no_static=False, prefix='_after_chopper', tsv_stats=False, info_in_report=False, maxlength=None, minlength=None, drop_outliers=False, downsample=None, loglength=False, percentqual=False, alength=False, minqual=None, runtime_until=None, readtype='1D', barcoded=False, no_supplementary=False, color='#4CB391', colormap='Greens', format=['png'], plots=['kde', 'dot'], legacy=None, listcolors=False, listcolormaps=False, no_N50=False, N50=False, title=None, font_scale=1, dpi=100, hide_stats=False, fastq=['barcode01.trimmed.fastq.gz'], fasta=None, fastq_rich=None, fastq_minimal=None, summary=None, bam=None, ubam=None, cram=None, pickle=None, feather=None, path='./_after_chopper')
2024-09-20 19:10:03,724 Python version is: 3.10.12 | packaged by conda-forge | (main, Jun 23 2023, 22:40:32) [GCC 12.3.0]
2024-09-20 19:10:03,745 Nanoget: Starting to collect statistics from plain fastq file.
2024-09-20 19:10:03,746 Nanoget: Decompressing gzipped fastq barcode01.trimmed.fastq.gz
2024-09-20 19:10:07,370 Reduced DataFrame memory usage from 0.23284912109375Mb to 0.23284912109375Mb
2024-09-20 19:10:07,379 Nanoget: Gathered all metrics of 15252 reads
2024-09-20 19:10:07,400 Calculated statistics
2024-09-20 19:10:07,400 Using sequenced read lengths for plotting.
2024-09-20 19:10:07,403 NanoPlot:  Valid color #4CB391.
2024-09-20 19:10:07,403 NanoPlot:  Valid colormap Greens.
2024-09-20 19:10:07,405 NanoPlot:  Creating length plots for Read length.
2024-09-20 19:10:07,405 NanoPlot:  Using 15252 reads maximum of 104611bp.
2024-09-20 19:10:11,198 Saved ./_after_chopperWeightedHistogramReadlength  as png (or png for --legacy)
2024-09-20 19:10:14,452 Saved ./_after_chopperWeightedLogTransformed_HistogramReadlength  as png (or png for --legacy)
2024-09-20 19:10:17,294 Saved ./_after_chopperNon_weightedHistogramReadlength  as png (or png for --legacy)
2024-09-20 19:10:19,853 Saved ./_after_chopperNon_weightedLogTransformed_HistogramReadlength  as png (or png for --legacy)
2024-09-20 19:10:26,922 Saved ./_after_chopperYield_By_Length  as png (or png for --legacy)
2024-09-20 19:10:26,923 Created length plots
2024-09-20 19:10:26,923 NanoPlot: Creating Read lengths vs Average read quality plots using 15252 reads.
2024-09-20 19:10:30,199 Saved ./_after_chopperLengthvsQualityScatterPlot_dot  as png (or png for --legacy)
2024-09-20 19:10:33,514 Saved ./_after_chopperLengthvsQualityScatterPlot_kde  as png (or png for --legacy)
2024-09-20 19:10:33,514 Created LengthvsQual plot
2024-09-20 19:10:33,514 Writing html report.
2024-09-20 19:10:33,531 Finished!
