2024-09-20 20:49:15,213 NanoPlot 1.41.6 started with arguments Namespace(threads=2, verbose=False, store=False, raw=False, huge=False, outdir='.', no_static=False, prefix='_after_chopper', tsv_stats=False, info_in_report=False, maxlength=None, minlength=None, drop_outliers=False, downsample=None, loglength=False, percentqual=False, alength=False, minqual=None, runtime_until=None, readtype='1D', barcoded=False, no_supplementary=False, color='#4CB391', colormap='Greens', format=['png'], plots=['kde', 'dot'], legacy=None, listcolors=False, listcolormaps=False, no_N50=False, N50=False, title=None, font_scale=1, dpi=100, hide_stats=False, fastq=['barcode01.trimmed.fastq.gz'], fasta=None, fastq_rich=None, fastq_minimal=None, summary=None, bam=None, ubam=None, cram=None, pickle=None, feather=None, path='./_after_chopper')
2024-09-20 20:49:15,213 Python version is: 3.10.12 | packaged by conda-forge | (main, Jun 23 2023, 22:40:32) [GCC 12.3.0]
2024-09-20 20:49:15,234 Nanoget: Starting to collect statistics from plain fastq file.
2024-09-20 20:49:15,234 Nanoget: Decompressing gzipped fastq barcode01.trimmed.fastq.gz
2024-09-20 20:49:17,697 Reduced DataFrame memory usage from 0.23284912109375Mb to 0.23284912109375Mb
2024-09-20 20:49:17,707 Nanoget: Gathered all metrics of 15252 reads
2024-09-20 20:49:17,715 Calculated statistics
2024-09-20 20:49:17,715 Using sequenced read lengths for plotting.
2024-09-20 20:49:17,716 NanoPlot:  Valid color #4CB391.
2024-09-20 20:49:17,717 NanoPlot:  Valid colormap Greens.
2024-09-20 20:49:17,717 NanoPlot:  Creating length plots for Read length.
2024-09-20 20:49:17,717 NanoPlot:  Using 15252 reads maximum of 104611bp.
2024-09-20 20:49:24,235 Saved ./_after_chopperWeightedHistogramReadlength  as png (or png for --legacy)
2024-09-20 20:49:27,405 Saved ./_after_chopperWeightedLogTransformed_HistogramReadlength  as png (or png for --legacy)
2024-09-20 20:49:30,158 Saved ./_after_chopperNon_weightedHistogramReadlength  as png (or png for --legacy)
2024-09-20 20:49:32,601 Saved ./_after_chopperNon_weightedLogTransformed_HistogramReadlength  as png (or png for --legacy)
2024-09-20 20:49:35,840 Saved ./_after_chopperYield_By_Length  as png (or png for --legacy)
2024-09-20 20:49:35,840 Created length plots
2024-09-20 20:49:35,841 NanoPlot: Creating Read lengths vs Average read quality plots using 15252 reads.
2024-09-20 20:49:39,187 Saved ./_after_chopperLengthvsQualityScatterPlot_dot  as png (or png for --legacy)
2024-09-20 20:49:42,350 Saved ./_after_chopperLengthvsQualityScatterPlot_kde  as png (or png for --legacy)
2024-09-20 20:49:42,351 Created LengthvsQual plot
2024-09-20 20:49:42,351 Writing html report.
2024-09-20 20:49:42,368 Finished!
