2024-09-20 20:44:16,233 NanoPlot 1.41.6 started with arguments Namespace(threads=2, verbose=False, store=False, raw=False, huge=False, outdir='.', no_static=False, prefix='', tsv_stats=False, info_in_report=False, maxlength=None, minlength=None, drop_outliers=False, downsample=None, loglength=False, percentqual=False, alength=False, minqual=None, runtime_until=None, readtype='1D', barcoded=False, no_supplementary=False, color='#4CB391', colormap='Greens', format=['png'], plots=['kde', 'dot'], legacy=None, listcolors=False, listcolormaps=False, no_N50=False, N50=False, title=None, font_scale=1, dpi=100, hide_stats=False, fastq=['barcode01.fastq.gz'], fasta=None, fastq_rich=None, fastq_minimal=None, summary=None, bam=None, ubam=None, cram=None, pickle=None, feather=None, path='./')
2024-09-20 20:44:16,233 Python version is: 3.10.12 | packaged by conda-forge | (main, Jun 23 2023, 22:40:32) [GCC 12.3.0]
2024-09-20 20:44:16,255 Nanoget: Starting to collect statistics from plain fastq file.
2024-09-20 20:44:16,255 Nanoget: Decompressing gzipped fastq barcode01.fastq.gz
2024-09-20 20:44:18,828 Reduced DataFrame memory usage from 0.2389984130859375Mb to 0.2389984130859375Mb
2024-09-20 20:44:18,840 Nanoget: Gathered all metrics of 15655 reads
2024-09-20 20:44:18,861 Calculated statistics
2024-09-20 20:44:18,862 Using sequenced read lengths for plotting.
2024-09-20 20:44:18,864 NanoPlot:  Valid color #4CB391.
2024-09-20 20:44:18,865 NanoPlot:  Valid colormap Greens.
2024-09-20 20:44:18,866 NanoPlot:  Creating length plots for Read length.
2024-09-20 20:44:18,867 NanoPlot:  Using 15655 reads maximum of 104611bp.
2024-09-20 20:44:21,480 Saved ./WeightedHistogramReadlength  as png (or png for --legacy)
2024-09-20 20:44:23,963 Saved ./WeightedLogTransformed_HistogramReadlength  as png (or png for --legacy)
2024-09-20 20:44:26,353 Saved ./Non_weightedHistogramReadlength  as png (or png for --legacy)
2024-09-20 20:44:28,769 Saved ./Non_weightedLogTransformed_HistogramReadlength  as png (or png for --legacy)
2024-09-20 20:44:31,635 Saved ./Yield_By_Length  as png (or png for --legacy)
2024-09-20 20:44:31,635 Created length plots
2024-09-20 20:44:31,636 NanoPlot: Creating Read lengths vs Average read quality plots using 15655 reads.
2024-09-20 20:44:34,588 Saved ./LengthvsQualityScatterPlot_dot  as png (or png for --legacy)
2024-09-20 20:44:37,813 Saved ./LengthvsQualityScatterPlot_kde  as png (or png for --legacy)
2024-09-20 20:44:37,814 Created LengthvsQual plot
2024-09-20 20:44:37,814 Writing html report.
2024-09-20 20:44:37,835 Finished!
