Sep-19 03:40:53.923 [main] DEBUG nextflow.cli.Launcher - $> nextflow run main.nf --input_fastq /home/sequser/MDR_LRTI_260824/fastq_pass/barcode01/FAZ50517_pass_barcode01_506ab4d4_460c1d0d_0.fastq.gz -profile docker --outdir ./results
Sep-19 03:40:53.994 [main] INFO  nextflow.cli.CmdRun - N E X T F L O W  ~  version 23.04.4
Sep-19 03:40:54.015 [main] DEBUG nextflow.plugin.PluginsFacade - Setting up plugin manager > mode=prod; embedded=false; plugins-dir=/home/sequser/.nextflow/plugins; core-plugins: nf-amazon@1.16.2,nf-azure@1.0.1,nf-codecommit@0.1.4,nf-console@1.0.5,nf-ga4gh@1.0.5,nf-google@1.7.3-patch1,nf-tower@1.5.12,nf-wave@0.8.4
Sep-19 03:40:54.027 [main] INFO  org.pf4j.DefaultPluginStatusProvider - Enabled plugins: []
Sep-19 03:40:54.028 [main] INFO  org.pf4j.DefaultPluginStatusProvider - Disabled plugins: []
Sep-19 03:40:54.031 [main] INFO  org.pf4j.DefaultPluginManager - PF4J version 3.4.1 in 'deployment' mode
Sep-19 03:40:54.041 [main] INFO  org.pf4j.AbstractPluginManager - No plugins
Sep-19 03:40:54.056 [main] DEBUG nextflow.config.ConfigBuilder - Found config local: /home/sequser/amrnanopro/nextflow.config
Sep-19 03:40:54.057 [main] DEBUG nextflow.config.ConfigBuilder - Parsing config file: /home/sequser/amrnanopro/nextflow.config
Sep-19 03:40:54.080 [main] DEBUG nextflow.config.ConfigBuilder - Applying config profile: `docker`
Sep-19 03:40:55.130 [main] DEBUG nextflow.config.ConfigBuilder - Available config profiles: [standard, gitpod, debug, test, mamba, conda, singularity, arm, test_full, docker]
Sep-19 03:40:55.161 [main] DEBUG nextflow.cli.CmdRun - Applied DSL=2 from script declararion
Sep-19 03:40:55.173 [main] INFO  nextflow.cli.CmdRun - Launching `main.nf` [lethal_liskov] DSL2 - revision: 08547a30e0
Sep-19 03:40:55.174 [main] DEBUG nextflow.plugin.PluginsFacade - Plugins default=[]
Sep-19 03:40:55.174 [main] DEBUG nextflow.plugin.PluginsFacade - Plugins resolved requirement=[]
Sep-19 03:40:55.183 [main] DEBUG nextflow.secret.LocalSecretsProvider - Secrets store: /home/sequser/.nextflow/secrets/store.json
Sep-19 03:40:55.186 [main] DEBUG nextflow.secret.SecretsLoader - Discovered secrets providers: [nextflow.secret.LocalSecretsProvider@303c55fa] - activable => nextflow.secret.LocalSecretsProvider@303c55fa
Sep-19 03:40:55.241 [main] DEBUG nextflow.Session - Session UUID: e2b1ac42-af58-4181-989b-21a8870f8002
Sep-19 03:40:55.241 [main] DEBUG nextflow.Session - Run name: lethal_liskov
Sep-19 03:40:55.242 [main] DEBUG nextflow.Session - Executor pool size: 16
Sep-19 03:40:55.253 [main] DEBUG nextflow.util.ThreadPoolBuilder - Creating thread pool 'FileTransfer' minSize=10; maxSize=48; workQueue=LinkedBlockingQueue[10000]; allowCoreThreadTimeout=false
Sep-19 03:40:55.275 [main] DEBUG nextflow.cli.CmdRun - 
  Version: 23.04.4 build 5881
  Created: 25-09-2023 15:34 UTC (16:34 WAST)
  System: Linux 6.8.0-40-generic
  Runtime: Groovy 3.0.16 on OpenJDK 64-Bit Server VM 11.0.24+8-post-Ubuntu-1ubuntu322.04
  Encoding: UTF-8 (UTF-8)
  Process: 3697800@faoseq06 [127.0.1.1]
  CPUs: 16 - Mem: 30.6 GB (1.3 GB) - Swap: 2 GB (743.5 MB)
Sep-19 03:40:55.298 [main] DEBUG nextflow.Session - Work-dir: /home/sequser/amrnanopro/work [ext2/ext3]
Sep-19 03:40:55.312 [main] DEBUG nextflow.executor.ExecutorFactory - Extension executors providers=[]
Sep-19 03:40:55.321 [main] DEBUG nextflow.Session - Observer factory: DefaultObserverFactory
Sep-19 03:40:55.358 [main] DEBUG nextflow.cache.CacheFactory - Using Nextflow cache factory: nextflow.cache.DefaultCacheFactory
Sep-19 03:40:55.370 [main] DEBUG nextflow.util.CustomThreadPool - Creating default thread pool > poolSize: 17; maxThreads: 1000
Sep-19 03:40:55.436 [main] DEBUG nextflow.Session - Session start
Sep-19 03:40:55.540 [main] DEBUG nextflow.script.ScriptRunner - > Launching execution
Sep-19 03:40:56.411 [main] DEBUG nextflow.script.ProcessConfig - Config settings `withLabel:process_low` matches labels `process_low` for process with name AMRNANOPRO:NANOPLOT_BEFORE_CHOPPER
Sep-19 03:40:56.414 [main] DEBUG nextflow.script.ProcessConfig - Config settings `withName:.*:NANOPLOT_BEFORE_CHOPPER` matches process AMRNANOPRO:NANOPLOT_BEFORE_CHOPPER
Sep-19 03:40:56.421 [main] DEBUG nextflow.executor.ExecutorFactory - << taskConfig executor: null
Sep-19 03:40:56.421 [main] DEBUG nextflow.executor.ExecutorFactory - >> processorType: 'local'
Sep-19 03:40:56.428 [main] DEBUG nextflow.executor.Executor - [warm up] executor > local
Sep-19 03:40:56.433 [main] DEBUG n.processor.LocalPollingMonitor - Creating local task monitor for executor 'local' > cpus=10; memory=24 GB; capacity=16; pollInterval=100ms; dumpInterval=5m
Sep-19 03:40:56.521 [main] DEBUG nextflow.script.ProcessConfig - Config settings `withLabel:process_low` matches labels `process_low` for process with name AMRNANOPRO:CHOPPER
Sep-19 03:40:56.522 [main] DEBUG nextflow.script.ProcessConfig - Config settings `withName:CHOPPER` matches process AMRNANOPRO:CHOPPER
Sep-19 03:40:56.524 [main] DEBUG nextflow.executor.ExecutorFactory - << taskConfig executor: null
Sep-19 03:40:56.524 [main] DEBUG nextflow.executor.ExecutorFactory - >> processorType: 'local'
Sep-19 03:40:56.533 [main] DEBUG nextflow.script.ProcessConfig - Config settings `withLabel:process_low` matches labels `process_low` for process with name AMRNANOPRO:NANOPLOT_AFTER_CHOPPER
Sep-19 03:40:56.534 [main] DEBUG nextflow.script.ProcessConfig - Config settings `withName:.*:NANOPLOT_AFTER_CHOPPER` matches process AMRNANOPRO:NANOPLOT_AFTER_CHOPPER
Sep-19 03:40:56.535 [main] DEBUG nextflow.executor.ExecutorFactory - << taskConfig executor: null
Sep-19 03:40:56.535 [main] DEBUG nextflow.executor.ExecutorFactory - >> processorType: 'local'
Sep-19 03:40:56.567 [main] DEBUG nextflow.script.ProcessConfig - Config settings `withLabel:process_single` matches labels `process_single` for process with name AMRNANOPRO:CUSTOM_DUMPSOFTWAREVERSIONS
Sep-19 03:40:56.568 [main] DEBUG nextflow.executor.ExecutorFactory - << taskConfig executor: null
Sep-19 03:40:56.568 [main] DEBUG nextflow.executor.ExecutorFactory - >> processorType: 'local'
Sep-19 03:40:56.584 [main] DEBUG nextflow.script.ProcessConfig - Config settings `withLabel:process_single` matches labels `process_single` for process with name AMRNANOPRO:MULTIQC
Sep-19 03:40:56.584 [main] DEBUG nextflow.script.ProcessConfig - Config settings `withName:.*:MULTIQC` matches process AMRNANOPRO:MULTIQC
Sep-19 03:40:56.585 [main] DEBUG nextflow.executor.ExecutorFactory - << taskConfig executor: null
Sep-19 03:40:56.585 [main] DEBUG nextflow.executor.ExecutorFactory - >> processorType: 'local'
Sep-19 03:40:56.591 [main] DEBUG nextflow.Session - Workflow process names [dsl2]: AMRNANOPRO:CUSTOM_DUMPSOFTWAREVERSIONS, AMRNANOPRO:CHOPPER, AMRNANOPRO:MULTIQC, AMRNANOPRO:NANOPLOT_AFTER_CHOPPER, NANOPLOT_BEFORE_CHOPPER, MULTIQC, CUSTOM_DUMPSOFTWAREVERSIONS, NANOPLOT_AFTER_CHOPPER, AMRNANOPRO:NANOPLOT_BEFORE_CHOPPER, CHOPPER, NANOPLOT, NANOPLOT_WITHOUT_CHOPPER
Sep-19 03:40:56.593 [main] DEBUG nextflow.Session - Igniting dataflow network (20)
Sep-19 03:40:56.598 [main] DEBUG nextflow.processor.TaskProcessor - Starting process > AMRNANOPRO:NANOPLOT_BEFORE_CHOPPER
Sep-19 03:40:56.598 [main] DEBUG nextflow.processor.TaskProcessor - Starting process > AMRNANOPRO:CHOPPER
Sep-19 03:40:56.599 [main] DEBUG nextflow.processor.TaskProcessor - Starting process > AMRNANOPRO:NANOPLOT_AFTER_CHOPPER
Sep-19 03:40:56.599 [main] DEBUG nextflow.processor.TaskProcessor - Starting process > AMRNANOPRO:CUSTOM_DUMPSOFTWAREVERSIONS
Sep-19 03:40:56.599 [main] DEBUG nextflow.processor.TaskProcessor - Starting process > AMRNANOPRO:MULTIQC
Sep-19 03:40:56.599 [main] DEBUG nextflow.script.ScriptRunner - > Awaiting termination 
Sep-19 03:40:56.599 [main] DEBUG nextflow.Session - Session await
Sep-19 03:40:56.833 [Task submitter] DEBUG n.executor.local.LocalTaskHandler - Launch cmd line: /bin/bash -ue .command.run
Sep-19 03:40:56.836 [Task submitter] INFO  nextflow.Session - [78/4849d9] Submitted process > AMRNANOPRO:CHOPPER (FAZ50517_pass_barcode01_506ab4d4_460c1d0d_0)
Sep-19 03:40:56.845 [Task submitter] DEBUG n.executor.local.LocalTaskHandler - Launch cmd line: /bin/bash -ue .command.run
Sep-19 03:40:56.846 [Task submitter] INFO  nextflow.Session - [51/f144f0] Submitted process > AMRNANOPRO:NANOPLOT_BEFORE_CHOPPER (FAZ50517_pass_barcode01_506ab4d4_460c1d0d_0)
Sep-19 03:40:57.433 [Task monitor] DEBUG n.processor.TaskPollingMonitor - Task completed > TaskHandler[id: 2; name: AMRNANOPRO:CHOPPER (FAZ50517_pass_barcode01_506ab4d4_460c1d0d_0); status: COMPLETED; exit: 0; error: -; workDir: /home/sequser/amrnanopro/work/78/4849d932939c5661e2199728dd6251]
Sep-19 03:40:57.449 [Task monitor] DEBUG nextflow.util.ThreadPoolBuilder - Creating thread pool 'PublishDir' minSize=10; maxSize=48; workQueue=LinkedBlockingQueue[10000]; allowCoreThreadTimeout=false
Sep-19 03:40:57.454 [Task submitter] DEBUG n.executor.local.LocalTaskHandler - Launch cmd line: /bin/bash -ue .command.run
Sep-19 03:40:57.454 [Task submitter] INFO  nextflow.Session - [42/0470d4] Submitted process > AMRNANOPRO:NANOPLOT_AFTER_CHOPPER (FAZ50517_pass_barcode01_506ab4d4_460c1d0d_0)
Sep-19 03:42:18.046 [Task monitor] DEBUG n.processor.TaskPollingMonitor - Task completed > TaskHandler[id: 1; name: AMRNANOPRO:NANOPLOT_BEFORE_CHOPPER (FAZ50517_pass_barcode01_506ab4d4_460c1d0d_0); status: COMPLETED; exit: 0; error: -; workDir: /home/sequser/amrnanopro/work/51/f144f0ba2f2651eb2cb1a0e3a88446]
Sep-19 03:42:20.061 [Task monitor] DEBUG n.processor.TaskPollingMonitor - Task completed > TaskHandler[id: 3; name: AMRNANOPRO:NANOPLOT_AFTER_CHOPPER (FAZ50517_pass_barcode01_506ab4d4_460c1d0d_0); status: COMPLETED; exit: 0; error: -; workDir: /home/sequser/amrnanopro/work/42/0470d418e5d87d7e28b5e25d3a1252]
Sep-19 03:42:20.083 [Actor Thread 14] DEBUG nextflow.sort.BigSort - Sort completed -- entries: 3; slices: 1; internal sort time: 0.011 s; external sort time: 0.001 s; total time: 0.012 s
Sep-19 03:42:20.087 [Actor Thread 14] DEBUG nextflow.file.FileCollector - Saved collect-files list to: /home/sequser/amrnanopro/work/collect-file/8acea204a94efdc2efff1a5a72960f3d
Sep-19 03:42:20.097 [Actor Thread 14] DEBUG nextflow.file.FileCollector - Deleting file collector temp dir: /tmp/nxf-5799682845339925188
Sep-19 03:42:20.164 [Task submitter] DEBUG n.executor.local.LocalTaskHandler - Launch cmd line: /bin/bash -ue .command.run
Sep-19 03:42:20.165 [Task submitter] INFO  nextflow.Session - [41/cd4e88] Submitted process > AMRNANOPRO:CUSTOM_DUMPSOFTWAREVERSIONS (1)
Sep-19 03:42:20.593 [Task monitor] DEBUG n.processor.TaskPollingMonitor - Task completed > TaskHandler[id: 4; name: AMRNANOPRO:CUSTOM_DUMPSOFTWAREVERSIONS (1); status: COMPLETED; exit: 0; error: -; workDir: /home/sequser/amrnanopro/work/41/cd4e88f073ae6189ba4a2056f0fed3]
Sep-19 03:42:20.610 [Task submitter] DEBUG n.executor.local.LocalTaskHandler - Launch cmd line: /bin/bash -ue .command.run
Sep-19 03:42:20.611 [Task submitter] INFO  nextflow.Session - [49/fb31cb] Submitted process > AMRNANOPRO:MULTIQC
Sep-19 03:42:31.576 [Task monitor] DEBUG n.processor.TaskPollingMonitor - Task completed > TaskHandler[id: 5; name: AMRNANOPRO:MULTIQC; status: COMPLETED; exit: 0; error: -; workDir: /home/sequser/amrnanopro/work/49/fb31cb984307a8bc2f492ef01643b4]
Sep-19 03:42:31.639 [Task monitor] DEBUG nextflow.processor.TaskProcessor - Process AMRNANOPRO:MULTIQC > Skipping output binding because one or more optional files are missing: fileoutparam<2>
Sep-19 03:42:31.641 [main] DEBUG nextflow.Session - Session await > all processes finished
Sep-19 03:42:31.642 [main] DEBUG nextflow.Session - Session await > all barriers passed
Sep-19 03:42:31.655 [main] DEBUG nextflow.util.ThreadPoolManager - Thread pool 'PublishDir' shutdown completed (hard=false)
Sep-19 03:42:31.661 [main] DEBUG nextflow.trace.WorkflowStatsObserver - Workflow completed > WorkflowStats[succeededCount=5; failedCount=0; ignoredCount=0; cachedCount=0; pendingCount=0; submittedCount=0; runningCount=0; retriesCount=0; abortedCount=0; succeedDuration=5m 40s; failedDuration=0ms; cachedDuration=0ms;loadCpus=0; loadMemory=0; peakRunning=2; peakCpus=4; peakMemory=24 GB; ]
Sep-19 03:42:31.745 [main] DEBUG nextflow.cache.CacheDB - Closing CacheDB done
Sep-19 03:42:31.759 [main] DEBUG nextflow.util.ThreadPoolManager - Thread pool 'FileTransfer' shutdown completed (hard=false)
Sep-19 03:42:31.761 [main] DEBUG nextflow.script.ScriptRunner - > Execution complete -- Goodbye
