2024-09-19 02:40:59,151 NanoPlot 1.41.6 started with arguments Namespace(threads=2, verbose=False, store=False, raw=False, huge=False, outdir='.', no_static=False, prefix='_before_chopper', tsv_stats=False, info_in_report=False, maxlength=None, minlength=None, drop_outliers=False, downsample=None, loglength=False, percentqual=False, alength=False, minqual=None, runtime_until=None, readtype='1D', barcoded=False, no_supplementary=False, color='#4CB391', colormap='Greens', format=['png'], plots=['kde', 'dot'], legacy=None, listcolors=False, listcolormaps=False, no_N50=False, N50=False, title=None, font_scale=1, dpi=100, hide_stats=False, fastq=['FAZ50517_pass_barcode01_506ab4d4_460c1d0d_0.fastq.gz'], fasta=None, fastq_rich=None, fastq_minimal=None, summary=None, bam=None, ubam=None, cram=None, pickle=None, feather=None, path='./_before_chopper')
2024-09-19 02:40:59,151 Python version is: 3.10.12 | packaged by conda-forge | (main, Jun 23 2023, 22:40:32) [GCC 12.3.0]
2024-09-19 02:40:59,183 Nanoget: Starting to collect statistics from plain fastq file.
2024-09-19 02:40:59,184 Nanoget: Decompressing gzipped fastq FAZ50517_pass_barcode01_506ab4d4_460c1d0d_0.fastq.gz
2024-09-19 02:40:59,268 Reduced DataFrame memory usage from 0.007476806640625Mb to 0.007476806640625Mb
2024-09-19 02:40:59,278 Nanoget: Gathered all metrics of 482 reads
2024-09-19 02:40:59,285 Calculated statistics
2024-09-19 02:40:59,285 Using sequenced read lengths for plotting.
2024-09-19 02:40:59,286 NanoPlot:  Valid color #4CB391.
2024-09-19 02:40:59,286 NanoPlot:  Valid colormap Greens.
2024-09-19 02:40:59,287 NanoPlot:  Creating length plots for Read length.
2024-09-19 02:40:59,287 NanoPlot:  Using 482 reads maximum of 44170bp.
2024-09-19 02:41:10,350 Saved ./_before_chopperWeightedHistogramReadlength  as png (or png for --legacy)
2024-09-19 02:41:20,668 Saved ./_before_chopperWeightedLogTransformed_HistogramReadlength  as png (or png for --legacy)
2024-09-19 02:41:31,104 Saved ./_before_chopperNon_weightedHistogramReadlength  as png (or png for --legacy)
2024-09-19 02:41:41,605 Saved ./_before_chopperNon_weightedLogTransformed_HistogramReadlength  as png (or png for --legacy)
2024-09-19 02:41:54,627 Saved ./_before_chopperYield_By_Length  as png (or png for --legacy)
2024-09-19 02:41:54,628 Created length plots
2024-09-19 02:41:54,628 NanoPlot: Creating Read lengths vs Average read quality plots using 482 reads.
2024-09-19 02:42:05,149 Saved ./_before_chopperLengthvsQualityScatterPlot_dot  as png (or png for --legacy)
2024-09-19 02:42:15,629 Saved ./_before_chopperLengthvsQualityScatterPlot_kde  as png (or png for --legacy)
2024-09-19 02:42:15,629 Created LengthvsQual plot
2024-09-19 02:42:15,629 Writing html report.
2024-09-19 02:42:15,643 Finished!
