2024-09-15 20:51:49,847 NanoPlot 1.41.6 started with arguments Namespace(threads=2, verbose=False, store=False, raw=False, huge=False, outdir='.', no_static=False, prefix='', tsv_stats=False, info_in_report=False, maxlength=None, minlength=None, drop_outliers=False, downsample=None, loglength=False, percentqual=False, alength=False, minqual=None, runtime_until=None, readtype='1D', barcoded=False, no_supplementary=False, color='#4CB391', colormap='Greens', format=['png'], plots=['kde', 'dot'], legacy=None, listcolors=False, listcolormaps=False, no_N50=False, N50=False, title=None, font_scale=1, dpi=100, hide_stats=False, fastq=['FAZ50517_pass_barcode01_506ab4d4_460c1d0d_0.fastq.gz'], fasta=None, fastq_rich=None, fastq_minimal=None, summary=None, bam=None, ubam=None, cram=None, pickle=None, feather=None, path='./')
2024-09-15 20:51:49,847 Python version is: 3.10.12 | packaged by conda-forge | (main, Jun 23 2023, 22:40:32) [GCC 12.3.0]
2024-09-15 20:51:49,878 Nanoget: Starting to collect statistics from plain fastq file.
2024-09-15 20:51:49,878 Nanoget: Decompressing gzipped fastq FAZ50517_pass_barcode01_506ab4d4_460c1d0d_0.fastq.gz
2024-09-15 20:51:49,952 Reduced DataFrame memory usage from 0.007476806640625Mb to 0.007476806640625Mb
2024-09-15 20:51:49,963 Nanoget: Gathered all metrics of 482 reads
2024-09-15 20:51:49,970 Calculated statistics
2024-09-15 20:51:49,970 Using sequenced read lengths for plotting.
2024-09-15 20:51:49,971 NanoPlot:  Valid color #4CB391.
2024-09-15 20:51:49,971 NanoPlot:  Valid colormap Greens.
2024-09-15 20:51:49,971 NanoPlot:  Creating length plots for Read length.
2024-09-15 20:51:49,971 NanoPlot:  Using 482 reads maximum of 44170bp.
2024-09-15 20:51:54,194 Saved ./WeightedHistogramReadlength  as png (or png for --legacy)
2024-09-15 20:51:58,034 Saved ./WeightedLogTransformed_HistogramReadlength  as png (or png for --legacy)
2024-09-15 20:52:01,699 Saved ./Non_weightedHistogramReadlength  as png (or png for --legacy)
2024-09-15 20:52:05,135 Saved ./Non_weightedLogTransformed_HistogramReadlength  as png (or png for --legacy)
2024-09-15 20:52:08,742 Saved ./Yield_By_Length  as png (or png for --legacy)
2024-09-15 20:52:08,742 Created length plots
2024-09-15 20:52:08,743 NanoPlot: Creating Read lengths vs Average read quality plots using 482 reads.
2024-09-15 20:52:13,438 Saved ./LengthvsQualityScatterPlot_dot  as png (or png for --legacy)
2024-09-15 20:52:16,735 Saved ./LengthvsQualityScatterPlot_kde  as png (or png for --legacy)
2024-09-15 20:52:16,735 Created LengthvsQual plot
2024-09-15 20:52:16,735 Writing html report.
2024-09-15 20:52:16,742 Finished!
