Unable to find image 'quay.io/biocontainers/multiqc:1.20--pyhdfd78af_0' locally
1.20--pyhdfd78af_0: Pulling from biocontainers/multiqc
93e509ffbdaf: Pulling fs layer
820c67f471a9: Pulling fs layer
bd9ddc54bea9: Pulling fs layer
554cc28f659d: Pulling fs layer
554cc28f659d: Waiting
bd9ddc54bea9: Download complete
820c67f471a9: Verifying Checksum
820c67f471a9: Download complete
93e509ffbdaf: Verifying Checksum
93e509ffbdaf: Download complete
93e509ffbdaf: Pull complete
820c67f471a9: Pull complete
bd9ddc54bea9: Pull complete
554cc28f659d: Verifying Checksum
554cc28f659d: Download complete
554cc28f659d: Pull complete
Digest: sha256:dabd6ba8a230fcd3f0a9d36f262a2c8cdd4f734b7841c930135429710ddd214d
Status: Downloaded newer image for quay.io/biocontainers/multiqc:1.20--pyhdfd78af_0
