2024-09-19 01:19:48,305 NanoPlot 1.41.6 started with arguments Namespace(threads=2, verbose=False, store=False, raw=False, huge=False, outdir='.', no_static=False, prefix='', tsv_stats=False, info_in_report=False, maxlength=None, minlength=None, drop_outliers=False, downsample=None, loglength=False, percentqual=False, alength=False, minqual=None, runtime_until=None, readtype='1D', barcoded=False, no_supplementary=False, color='#4CB391', colormap='Greens', format=['png'], plots=['kde', 'dot'], legacy=None, listcolors=False, listcolormaps=False, no_N50=False, N50=False, title=None, font_scale=1, dpi=100, hide_stats=False, fastq=['FAZ50517_pass_barcode01_506ab4d4_460c1d0d_0.trimmed.fastq.gz'], fasta=None, fastq_rich=None, fastq_minimal=None, summary=None, bam=None, ubam=None, cram=None, pickle=None, feather=None, path='./')
2024-09-19 01:19:48,305 Python version is: 3.10.12 | packaged by conda-forge | (main, Jun 23 2023, 22:40:32) [GCC 12.3.0]
2024-09-19 01:19:48,330 Nanoget: Starting to collect statistics from plain fastq file.
2024-09-19 01:19:48,330 Nanoget: Decompressing gzipped fastq FAZ50517_pass_barcode01_506ab4d4_460c1d0d_0.trimmed.fastq.gz
2024-09-19 01:19:48,401 Reduced DataFrame memory usage from 0.007476806640625Mb to 0.007476806640625Mb
2024-09-19 01:19:48,410 Nanoget: Gathered all metrics of 482 reads
2024-09-19 01:19:48,416 Calculated statistics
2024-09-19 01:19:48,416 Using sequenced read lengths for plotting.
2024-09-19 01:19:48,417 NanoPlot:  Valid color #4CB391.
2024-09-19 01:19:48,417 NanoPlot:  Valid colormap Greens.
2024-09-19 01:19:48,417 NanoPlot:  Creating length plots for Read length.
2024-09-19 01:19:48,417 NanoPlot:  Using 482 reads maximum of 44170bp.
2024-09-19 01:19:56,742 Saved ./WeightedHistogramReadlength  as png (or png for --legacy)
2024-09-19 01:20:12,451 Saved ./WeightedLogTransformed_HistogramReadlength  as png (or png for --legacy)
2024-09-19 01:20:34,074 Saved ./Non_weightedHistogramReadlength  as png (or png for --legacy)
2024-09-19 01:21:04,854 No static plots are saved due to some kaleido problem:
2024-09-19 01:21:04,854 Transform failed with error code 1: Failed to serialize document: Uncaught
2024-09-19 01:21:35,321 No static plots are saved due to some kaleido problem:
2024-09-19 01:21:35,321 Transform failed with error code 1: Failed to serialize document: Uncaught
2024-09-19 01:21:35,321 Created length plots
2024-09-19 01:21:35,322 NanoPlot: Creating Read lengths vs Average read quality plots using 482 reads.
2024-09-19 01:22:06,038 No static plots are saved due to some kaleido problem:
2024-09-19 01:22:06,038 Transform failed with error code 1: Failed to serialize document: Uncaught
2024-09-19 01:22:36,386 No static plots are saved due to some kaleido problem:
2024-09-19 01:22:36,386 Transform failed with error code 1: Failed to serialize document: Uncaught
2024-09-19 01:22:36,387 Created LengthvsQual plot
2024-09-19 01:22:36,387 Writing html report.
2024-09-19 01:22:36,396 Finished!
