2024-09-19 02:12:13,827 NanoPlot 1.41.6 started with arguments Namespace(threads=2, verbose=False, store=False, raw=False, huge=False, outdir='.', no_static=False, prefix='', tsv_stats=False, info_in_report=False, maxlength=None, minlength=None, drop_outliers=False, downsample=None, loglength=False, percentqual=False, alength=False, minqual=None, runtime_until=None, readtype='1D', barcoded=False, no_supplementary=False, color='#4CB391', colormap='Greens', format=['png'], plots=['kde', 'dot'], legacy=None, listcolors=False, listcolormaps=False, no_N50=False, N50=False, title=None, font_scale=1, dpi=100, hide_stats=False, fastq=['FAZ50517_pass_barcode01_506ab4d4_460c1d0d_0.trimmed.fastq.gz'], fasta=None, fastq_rich=None, fastq_minimal=None, summary=None, bam=None, ubam=None, cram=None, pickle=None, feather=None, path='./')
2024-09-19 02:12:13,827 Python version is: 3.10.12 | packaged by conda-forge | (main, Jun 23 2023, 22:40:32) [GCC 12.3.0]
2024-09-19 02:12:13,851 Nanoget: Starting to collect statistics from plain fastq file.
2024-09-19 02:12:13,851 Nanoget: Decompressing gzipped fastq FAZ50517_pass_barcode01_506ab4d4_460c1d0d_0.trimmed.fastq.gz
2024-09-19 02:12:13,917 Reduced DataFrame memory usage from 0.00714111328125Mb to 0.00714111328125Mb
2024-09-19 02:12:13,927 Nanoget: Gathered all metrics of 460 reads
2024-09-19 02:12:13,933 Calculated statistics
2024-09-19 02:12:13,934 Using sequenced read lengths for plotting.
2024-09-19 02:12:13,935 NanoPlot:  Valid color #4CB391.
2024-09-19 02:12:13,935 NanoPlot:  Valid colormap Greens.
2024-09-19 02:12:13,935 NanoPlot:  Creating length plots for Read length.
2024-09-19 02:12:13,935 NanoPlot:  Using 460 reads maximum of 44170bp.
2024-09-19 02:12:26,105 Saved ./WeightedHistogramReadlength  as png (or png for --legacy)
2024-09-19 02:12:40,297 Saved ./WeightedLogTransformed_HistogramReadlength  as png (or png for --legacy)
2024-09-19 02:12:50,731 Saved ./Non_weightedHistogramReadlength  as png (or png for --legacy)
2024-09-19 02:13:01,140 Saved ./Non_weightedLogTransformed_HistogramReadlength  as png (or png for --legacy)
2024-09-19 02:13:11,776 Saved ./Yield_By_Length  as png (or png for --legacy)
2024-09-19 02:13:11,776 Created length plots
2024-09-19 02:13:11,777 NanoPlot: Creating Read lengths vs Average read quality plots using 460 reads.
2024-09-19 02:13:22,340 Saved ./LengthvsQualityScatterPlot_dot  as png (or png for --legacy)
2024-09-19 02:13:32,938 Saved ./LengthvsQualityScatterPlot_kde  as png (or png for --legacy)
2024-09-19 02:13:32,939 Created LengthvsQual plot
2024-09-19 02:13:32,939 Writing html report.
2024-09-19 02:13:32,951 Finished!
