[2024-09-19 02:10:01,322] multiqc                                            [DEBUG  ]  This is MultiQC v1.21
[2024-09-19 02:10:01,322] multiqc                                            [DEBUG  ]  Command used: /usr/local/bin/multiqc --force .
[2024-09-19 02:10:09,905] multiqc                                            [WARNING]  MultiQC Version v1.25 now available!
[2024-09-19 02:10:09,905] multiqc                                            [DEBUG  ]  Latest MultiQC version is v1.25, released 2024-09-17
[2024-09-19 02:10:09,905] multiqc                                            [DEBUG  ]  Working dir : /home/sequser/amrnanopro/work/c8/86de949b8a1bcaaf994e13c2ce7265
[2024-09-19 02:10:09,906] multiqc                                            [DEBUG  ]  Template    : default
[2024-09-19 02:10:09,906] multiqc                                            [DEBUG  ]  Running Python 3.11.8 | packaged by conda-forge | (main, Feb 16 2024, 20:53:32) [GCC 12.3.0]
[2024-09-19 02:10:09,906] multiqc                                            [DEBUG  ]  Analysing modules: custom_content, ccs, ngsderive, purple, conpair, isoseq, lima, peddy, somalier, methylqa, mosdepth, phantompeakqualtools, qualimap, bamdst, preseq, hifiasm, quast, qorts, rna_seqc, rockhopper, rsem, rseqc, busco, bustools, goleft_indexcov, gffcompare, disambiguate, supernova, deeptools, sargasso, verifybamid, mirtrace, happy, mirtop, sambamba, gopeaks, homer, hops, macs2, theta2, snpeff, gatk, htseq, bcftools, featureCounts, fgbio, dragen, dragen_fastqc, dedup, pbmarkdup, damageprofiler, mapdamage, biobambam2, jcvi, mtnucratio, picard, vep, bakta, prokka, qc3C, nanostat, samblaster, samtools, sexdeterrmine, seqera_cli, eigenstratdatabasetools, bamtools, jellyfish, vcftools, longranger, stacks, varscan2, snippy, umitools, truvari, megahit, bbmap, bismark, biscuit, diamond, hicexplorer, hicup, hicpro, salmon, kallisto, slamdunk, star, hisat2, tophat, bowtie2, bowtie1, cellranger, snpsplit, odgi, pangolin, nextclade, freyja, humid, kat, leehom, librarian, nonpareil, adapterRemoval, bbduk, clipandmerge, cutadapt, flexbar, sourmash, kaiju, bracken, kraken, malt, motus, trimmomatic, sickle, skewer, sortmerna, biobloomtools, fastq_screen, afterqc, fastp, fastqc, filtlong, prinseqplusplus, pychopper, porechop, pycoqc, minionqc, anglerfish, multivcfanalyzer, clusterflow, checkqc, bcl2fastq, bclconvert, interop, ivar, flash, seqyclean, optitype, whatshap, spaceranger, xenome, xengsort, metaphlan, seqwho
[2024-09-19 02:10:09,906] multiqc                                            [DEBUG  ]  Using temporary directory for creating report: /tmp/tmpdk4hcbqz
[2024-09-19 02:10:09,906] multiqc                                            [INFO   ]  Search path : /home/sequser/amrnanopro/work/c8/86de949b8a1bcaaf994e13c2ce7265
[2024-09-19 02:10:09,951] multiqc                                            [DEBUG  ]  Summary of files that were skipped by the search: [skipped_module_specific_max_filesize: 46] // [skipped_no_match: 36] // [skipped_ignore_pattern: 10]
[2024-09-19 02:10:09,965] multiqc.modules.custom_content.custom_content      [INFO   ]  software_versions: Found 1 sample (html)
[2024-09-19 02:10:09,966] multiqc.modules.nanostat.nanostat                  [DEBUG  ]  Duplicate sample data found! Overwriting: NanoStats
[2024-09-19 02:10:09,966] multiqc.modules.nanostat.nanostat                  [INFO   ]  Found 1 reports
[2024-09-19 02:10:09,966] multiqc.utils.util_functions                       [DEBUG  ]  Wrote data file multiqc_nanostat.txt
[2024-09-19 02:10:10,000] multiqc.utils.software_versions                    [DEBUG  ]  Reading software versions from config.software_versions
[2024-09-19 02:10:10,000] multiqc                                            [DEBUG  ]  Compressing plot data
[2024-09-19 02:10:10,006] multiqc.utils.util_functions                       [DEBUG  ]  Wrote data file multiqc_data.json
[2024-09-19 02:10:10,006] multiqc                                            [INFO   ]  Report      : multiqc_report.html
[2024-09-19 02:10:10,006] multiqc                                            [INFO   ]  Data        : multiqc_data
[2024-09-19 02:10:10,006] multiqc                                            [DEBUG  ]  Moving data file from '/tmp/tmpdk4hcbqz/multiqc_data' to '/home/sequser/amrnanopro/work/c8/86de949b8a1bcaaf994e13c2ce7265/multiqc_data'
[2024-09-19 02:10:10,007] multiqc                                            [DEBUG  ]  Full report path: /home/sequser/amrnanopro/work/c8/86de949b8a1bcaaf994e13c2ce7265/multiqc_report.html
[2024-09-19 02:10:10,099] multiqc                                            [INFO   ]  MultiQC complete
